0 info it worked if it ends with ok
1 verbose cli [ 'C:\\Program Files\\nodejs\\node.exe',
1 verbose cli   'C:\\Program Files\\nodejs\\node_modules\\npm\\bin\\npm-cli.js',
1 verbose cli   'run',
1 verbose cli   'build' ]
2 info using npm@3.10.10
3 info using node@v6.10.1
4 verbose run-script [ 'prebuild', 'build', 'postbuild' ]
5 info lifecycle react-input-forms@1.0.0~prebuild: react-input-forms@1.0.0
6 silly lifecycle react-input-forms@1.0.0~prebuild: no script for prebuild, continuing
7 info lifecycle react-input-forms@1.0.0~build: react-input-forms@1.0.0
8 verbose lifecycle react-input-forms@1.0.0~build: unsafe-perm in lifecycle true
9 verbose lifecycle react-input-forms@1.0.0~build: PATH: C:\Program Files\nodejs\node_modules\npm\bin\node-gyp-bin;C:\xampp\htdocs\input-field\node_modules\.bin;C:\WINDOWS\system32;C:\WINDOWS;C:\WINDOWS\System32\Wbem;C:\WINDOWS\System32\WindowsPowerShell\v1.0\;C:\Program Files (x86)\Git\cmd;C:\Program Files\TortoiseGit\bin;C:\xampp\php;C:\ProgramData\ComposerSetup\bin;C:\Program Files\Java\jdk1.7.0_79\bin;C:\Program Files (x86)\apache-maven-3.3.9\bin;C:\Program Files (x86)\Yarn\bin;C:\Program Files\Git\cmd;C:\Program Files\nodejs\;C:\Program Files\MongoDB\Server\3.2\bin;C:\Users\Mos\AppData\Local\atom\bin;C:\Users\Mos\AppData\Local\Microsoft\WindowsApps;C:\Users\Mos\AppData\Local\Yarn\.bin;C:\Program Files (x86)\Microsoft VS Code\bin;C:\Program Files\Heroku\bin;C:\Users\Mos\AppData\Roaming\npm
10 verbose lifecycle react-input-forms@1.0.0~build: CWD: C:\xampp\htdocs\input-field
11 silly lifecycle react-input-forms@1.0.0~build: Args: [ '/d /s /c',
11 silly lifecycle   'cross-env NODE_ENV=production babel --copy-files --out-dir dist --ignore *.spec.js src' ]
12 silly lifecycle react-input-forms@1.0.0~build: Returned: code: 1  signal: null
13 info lifecycle react-input-forms@1.0.0~build: Failed to exec build script
14 verbose stack Error: react-input-forms@1.0.0 build: `cross-env NODE_ENV=production babel --copy-files --out-dir dist --ignore *.spec.js src`
14 verbose stack Exit status 1
14 verbose stack     at EventEmitter.<anonymous> (C:\Program Files\nodejs\node_modules\npm\lib\utils\lifecycle.js:255:16)
14 verbose stack     at emitTwo (events.js:106:13)
14 verbose stack     at EventEmitter.emit (events.js:191:7)
14 verbose stack     at ChildProcess.<anonymous> (C:\Program Files\nodejs\node_modules\npm\lib\utils\spawn.js:40:14)
14 verbose stack     at emitTwo (events.js:106:13)
14 verbose stack     at ChildProcess.emit (events.js:191:7)
14 verbose stack     at maybeClose (internal/child_process.js:886:16)
14 verbose stack     at Process.ChildProcess._handle.onexit (internal/child_process.js:226:5)
15 verbose pkgid react-input-forms@1.0.0
16 verbose cwd C:\xampp\htdocs\input-field
17 error Windows_NT 10.0.14393
18 error argv "C:\\Program Files\\nodejs\\node.exe" "C:\\Program Files\\nodejs\\node_modules\\npm\\bin\\npm-cli.js" "run" "build"
19 error node v6.10.1
20 error npm  v3.10.10
21 error code ELIFECYCLE
22 error react-input-forms@1.0.0 build: `cross-env NODE_ENV=production babel --copy-files --out-dir dist --ignore *.spec.js src`
22 error Exit status 1
23 error Failed at the react-input-forms@1.0.0 build script 'cross-env NODE_ENV=production babel --copy-files --out-dir dist --ignore *.spec.js src'.
23 error Make sure you have the latest version of node.js and npm installed.
23 error If you do, this is most likely a problem with the react-input-forms package,
23 error not with npm itself.
23 error Tell the author that this fails on your system:
23 error     cross-env NODE_ENV=production babel --copy-files --out-dir dist --ignore *.spec.js src
23 error You can get information on how to open an issue for this project with:
23 error     npm bugs react-input-forms
23 error Or if that isn't available, you can get their info via:
23 error     npm owner ls react-input-forms
23 error There is likely additional logging output above.
24 verbose exit [ 1, true ]
